2021-12-11 22:12:391 INFO  ManageDriver :30 - Launching Chrome Browser
2021-12-11 22:12:573 INFO  HomePage :73 - Entering job title : [[ChromeDriver: chrome on WINDOWS (5adcca41376a03c607334d27a129d5a2)] -> id: keywords]
2021-12-11 22:12:917 INFO  HomePage :79 - Entering location : [[ChromeDriver: chrome on WINDOWS (5adcca41376a03c607334d27a129d5a2)] -> id: location]
2021-12-11 22:12:252 INFO  HomePage :79 - Entering location : [[ChromeDriver: chrome on WINDOWS (5adcca41376a03c607334d27a129d5a2)] -> id: location]
2021-12-11 22:12:707 INFO  HomePage :93 - Clicking on more search options link : [[ChromeDriver: chrome on WINDOWS (5adcca41376a03c607334d27a129d5a2)] -> id: toggle-hp-search]
2021-12-11 22:12:181 INFO  HomePage :107 - Entering maximum salary : [[ChromeDriver: chrome on WINDOWS (5adcca41376a03c607334d27a129d5a2)] -> id: salarymax]
2021-12-11 22:12:352 INFO  HomePage :107 - Entering maximum salary : [[ChromeDriver: chrome on WINDOWS (5adcca41376a03c607334d27a129d5a2)] -> id: salarymax]
2021-12-11 22:12:607 INFO  HomePage :100 - Entering Minimum Salary : [[ChromeDriver: chrome on WINDOWS (5adcca41376a03c607334d27a129d5a2)] -> id: salarymin]
2021-12-11 22:12:764 INFO  HomePage :100 - Entering Minimum Salary : [[ChromeDriver: chrome on WINDOWS (5adcca41376a03c607334d27a129d5a2)] -> id: salarymin]
2021-12-11 22:12:998 INFO  HomePage :127 - Click on Find Jobs Button : [[ChromeDriver: chrome on WINDOWS (5adcca41376a03c607334d27a129d5a2)] -> id: hp-search-btn]
2021-12-11 22:12:524 INFO  ManageDriver :30 - Launching Chrome Browser
2021-12-11 22:12:607 INFO  HomePage :73 - Entering job title : [[ChromeDriver: chrome on WINDOWS (c94072c8356cbb701d397cfde9f068e1)] -> id: keywords]
2021-12-11 22:12:196 INFO  HomePage :79 - Entering location : [[ChromeDriver: chrome on WINDOWS (c94072c8356cbb701d397cfde9f068e1)] -> id: location]
2021-12-11 22:12:507 INFO  HomePage :79 - Entering location : [[ChromeDriver: chrome on WINDOWS (c94072c8356cbb701d397cfde9f068e1)] -> id: location]
2021-12-11 22:12:761 INFO  HomePage :93 - Clicking on more search options link : [[ChromeDriver: chrome on WINDOWS (c94072c8356cbb701d397cfde9f068e1)] -> id: toggle-hp-search]
2021-12-11 22:12:219 INFO  HomePage :107 - Entering maximum salary : [[ChromeDriver: chrome on WINDOWS (c94072c8356cbb701d397cfde9f068e1)] -> id: salarymax]
2021-12-11 22:12:327 INFO  HomePage :107 - Entering maximum salary : [[ChromeDriver: chrome on WINDOWS (c94072c8356cbb701d397cfde9f068e1)] -> id: salarymax]
2021-12-11 22:12:543 INFO  HomePage :100 - Entering Minimum Salary : [[ChromeDriver: chrome on WINDOWS (c94072c8356cbb701d397cfde9f068e1)] -> id: salarymin]
2021-12-11 22:12:725 INFO  HomePage :100 - Entering Minimum Salary : [[ChromeDriver: chrome on WINDOWS (c94072c8356cbb701d397cfde9f068e1)] -> id: salarymin]
2021-12-11 22:12:45 INFO  HomePage :127 - Click on Find Jobs Button : [[ChromeDriver: chrome on WINDOWS (c94072c8356cbb701d397cfde9f068e1)] -> id: hp-search-btn]
2021-12-11 22:12:805 INFO  ManageDriver :30 - Launching Chrome Browser
2021-12-11 22:12:322 INFO  HomePage :73 - Entering job title : [[ChromeDriver: chrome on WINDOWS (59b9c81ec287e63d9ea27d38c8615489)] -> id: keywords]
2021-12-11 22:12:616 INFO  HomePage :79 - Entering location : [[ChromeDriver: chrome on WINDOWS (59b9c81ec287e63d9ea27d38c8615489)] -> id: location]
2021-12-11 22:12:780 INFO  HomePage :79 - Entering location : [[ChromeDriver: chrome on WINDOWS (59b9c81ec287e63d9ea27d38c8615489)] -> id: location]
2021-12-11 22:12:64 INFO  HomePage :93 - Clicking on more search options link : [[ChromeDriver: chrome on WINDOWS (59b9c81ec287e63d9ea27d38c8615489)] -> id: toggle-hp-search]
2021-12-11 22:12:438 INFO  HomePage :107 - Entering maximum salary : [[ChromeDriver: chrome on WINDOWS (59b9c81ec287e63d9ea27d38c8615489)] -> id: salarymax]
2021-12-11 22:12:532 INFO  HomePage :107 - Entering maximum salary : [[ChromeDriver: chrome on WINDOWS (59b9c81ec287e63d9ea27d38c8615489)] -> id: salarymax]
2021-12-11 22:12:837 INFO  HomePage :100 - Entering Minimum Salary : [[ChromeDriver: chrome on WINDOWS (59b9c81ec287e63d9ea27d38c8615489)] -> id: salarymin]
2021-12-11 22:12:948 INFO  HomePage :100 - Entering Minimum Salary : [[ChromeDriver: chrome on WINDOWS (59b9c81ec287e63d9ea27d38c8615489)] -> id: salarymin]
2021-12-11 22:12:173 INFO  HomePage :127 - Click on Find Jobs Button : [[ChromeDriver: chrome on WINDOWS (59b9c81ec287e63d9ea27d38c8615489)] -> id: hp-search-btn]
2021-12-11 22:12:104 INFO  ManageDriver :30 - Launching Chrome Browser
2021-12-11 22:12:254 INFO  HomePage :73 - Entering job title : [[ChromeDriver: chrome on WINDOWS (6bff0eb7d907695da35eebd1834ab61a)] -> id: keywords]
2021-12-11 22:12:742 INFO  HomePage :79 - Entering location : [[ChromeDriver: chrome on WINDOWS (6bff0eb7d907695da35eebd1834ab61a)] -> id: location]
2021-12-11 22:12:108 INFO  HomePage :79 - Entering location : [[ChromeDriver: chrome on WINDOWS (6bff0eb7d907695da35eebd1834ab61a)] -> id: location]
2021-12-11 22:12:847 INFO  ManageDriver :30 - Launching Chrome Browser
2021-12-11 22:12:699 INFO  HomePage :73 - Entering job title : [[ChromeDriver: chrome on WINDOWS (3c41ed1282f148b7907470021f415603)] -> id: keywords]
2021-12-11 22:12:973 INFO  HomePage :79 - Entering location : [[ChromeDriver: chrome on WINDOWS (3c41ed1282f148b7907470021f415603)] -> id: location]
2021-12-11 22:12:160 INFO  HomePage :79 - Entering location : [[ChromeDriver: chrome on WINDOWS (3c41ed1282f148b7907470021f415603)] -> id: location]
2021-12-11 22:12:521 INFO  HomePage :93 - Clicking on more search options link : [[ChromeDriver: chrome on WINDOWS (3c41ed1282f148b7907470021f415603)] -> id: toggle-hp-search]
2021-12-11 22:12:915 INFO  HomePage :107 - Entering maximum salary : [[ChromeDriver: chrome on WINDOWS (3c41ed1282f148b7907470021f415603)] -> id: salarymax]
2021-12-11 22:12:139 INFO  HomePage :107 - Entering maximum salary : [[ChromeDriver: chrome on WINDOWS (3c41ed1282f148b7907470021f415603)] -> id: salarymax]
2021-12-11 22:12:386 INFO  HomePage :100 - Entering Minimum Salary : [[ChromeDriver: chrome on WINDOWS (3c41ed1282f148b7907470021f415603)] -> id: salarymin]
2021-12-11 22:12:495 INFO  HomePage :100 - Entering Minimum Salary : [[ChromeDriver: chrome on WINDOWS (3c41ed1282f148b7907470021f415603)] -> id: salarymin]
2021-12-11 22:12:763 INFO  HomePage :127 - Click on Find Jobs Button : [[ChromeDriver: chrome on WINDOWS (3c41ed1282f148b7907470021f415603)] -> id: hp-search-btn]
2021-12-11 22:12:75 INFO  ManageDriver :30 - Launching Chrome Browser
2021-12-11 22:12:809 INFO  HomePage :73 - Entering job title : [[ChromeDriver: chrome on WINDOWS (8526ae47b5bcf412c534868b0d466d7d)] -> id: keywords]
2021-12-11 22:12:37 INFO  HomePage :79 - Entering location : [[ChromeDriver: chrome on WINDOWS (8526ae47b5bcf412c534868b0d466d7d)] -> id: location]
2021-12-11 22:12:224 INFO  HomePage :79 - Entering location : [[ChromeDriver: chrome on WINDOWS (8526ae47b5bcf412c534868b0d466d7d)] -> id: location]
2021-12-11 22:12:508 INFO  HomePage :93 - Clicking on more search options link : [[ChromeDriver: chrome on WINDOWS (8526ae47b5bcf412c534868b0d466d7d)] -> id: toggle-hp-search]
2021-12-11 22:12:920 INFO  HomePage :107 - Entering maximum salary : [[ChromeDriver: chrome on WINDOWS (8526ae47b5bcf412c534868b0d466d7d)] -> id: salarymax]
2021-12-11 22:12:08 INFO  HomePage :107 - Entering maximum salary : [[ChromeDriver: chrome on WINDOWS (8526ae47b5bcf412c534868b0d466d7d)] -> id: salarymax]
2021-12-11 22:12:245 INFO  HomePage :100 - Entering Minimum Salary : [[ChromeDriver: chrome on WINDOWS (8526ae47b5bcf412c534868b0d466d7d)] -> id: salarymin]
2021-12-11 22:12:417 INFO  HomePage :100 - Entering Minimum Salary : [[ChromeDriver: chrome on WINDOWS (8526ae47b5bcf412c534868b0d466d7d)] -> id: salarymin]
2021-12-11 22:12:643 INFO  HomePage :127 - Click on Find Jobs Button : [[ChromeDriver: chrome on WINDOWS (8526ae47b5bcf412c534868b0d466d7d)] -> id: hp-search-btn]
2021-12-11 22:12:446 INFO  ManageDriver :30 - Launching Chrome Browser
2021-12-11 22:12:787 INFO  HomePage :73 - Entering job title : [[ChromeDriver: chrome on WINDOWS (13b370377b3b547e3266a66257d00fd4)] -> id: keywords]
2021-12-11 22:12:308 INFO  HomePage :79 - Entering location : [[ChromeDriver: chrome on WINDOWS (13b370377b3b547e3266a66257d00fd4)] -> id: location]
2021-12-11 22:12:450 INFO  HomePage :79 - Entering location : [[ChromeDriver: chrome on WINDOWS (13b370377b3b547e3266a66257d00fd4)] -> id: location]
2021-12-11 22:12:815 INFO  HomePage :93 - Clicking on more search options link : [[ChromeDriver: chrome on WINDOWS (13b370377b3b547e3266a66257d00fd4)] -> id: toggle-hp-search]
2021-12-11 22:12:128 INFO  HomePage :107 - Entering maximum salary : [[ChromeDriver: chrome on WINDOWS (13b370377b3b547e3266a66257d00fd4)] -> id: salarymax]
2021-12-11 22:12:282 INFO  HomePage :107 - Entering maximum salary : [[ChromeDriver: chrome on WINDOWS (13b370377b3b547e3266a66257d00fd4)] -> id: salarymax]
2021-12-11 22:12:547 INFO  HomePage :100 - Entering Minimum Salary : [[ChromeDriver: chrome on WINDOWS (13b370377b3b547e3266a66257d00fd4)] -> id: salarymin]
2021-12-11 22:12:695 INFO  HomePage :100 - Entering Minimum Salary : [[ChromeDriver: chrome on WINDOWS (13b370377b3b547e3266a66257d00fd4)] -> id: salarymin]
2021-12-11 22:12:206 INFO  HomePage :127 - Click on Find Jobs Button : [[ChromeDriver: chrome on WINDOWS (13b370377b3b547e3266a66257d00fd4)] -> id: hp-search-btn]
2021-12-11 22:12:598 INFO  ManageDriver :30 - Launching Chrome Browser
2021-12-11 22:12:697 INFO  HomePage :73 - Entering job title : [[ChromeDriver: chrome on WINDOWS (e1a0b3ce8884e32b7ec3b5bb6035171a)] -> id: keywords]
2021-12-11 22:12:30 INFO  HomePage :79 - Entering location : [[ChromeDriver: chrome on WINDOWS (e1a0b3ce8884e32b7ec3b5bb6035171a)] -> id: location]
2021-12-11 22:12:327 INFO  HomePage :86 - Selecting Distance : [[ChromeDriver: chrome on WINDOWS (e1a0b3ce8884e32b7ec3b5bb6035171a)] -> xpath: (//select[@id='distance'])[1]]
2021-12-11 22:12:676 INFO  HomePage :93 - Clicking on more search options link : [[ChromeDriver: chrome on WINDOWS (e1a0b3ce8884e32b7ec3b5bb6035171a)] -> id: toggle-hp-search]
2021-12-11 22:12:187 INFO  HomePage :107 - Entering maximum salary : [[ChromeDriver: chrome on WINDOWS (e1a0b3ce8884e32b7ec3b5bb6035171a)] -> id: salarymax]
2021-12-11 22:12:328 INFO  HomePage :107 - Entering maximum salary : [[ChromeDriver: chrome on WINDOWS (e1a0b3ce8884e32b7ec3b5bb6035171a)] -> id: salarymax]
2021-12-11 22:12:593 INFO  HomePage :100 - Entering Minimum Salary : [[ChromeDriver: chrome on WINDOWS (e1a0b3ce8884e32b7ec3b5bb6035171a)] -> id: salarymin]
2021-12-11 22:12:771 INFO  HomePage :100 - Entering Minimum Salary : [[ChromeDriver: chrome on WINDOWS (e1a0b3ce8884e32b7ec3b5bb6035171a)] -> id: salarymin]
2021-12-11 22:12:41 INFO  HomePage :127 - Click on Find Jobs Button : [[ChromeDriver: chrome on WINDOWS (e1a0b3ce8884e32b7ec3b5bb6035171a)] -> id: hp-search-btn]
2021-12-11 22:12:426 INFO  ManageDriver :30 - Launching Chrome Browser
2021-12-11 22:12:642 INFO  HomePage :73 - Entering job title : [[ChromeDriver: chrome on WINDOWS (57635e8721873705196ef232db5b4ee0)] -> id: keywords]
2021-12-11 22:12:915 INFO  HomePage :79 - Entering location : [[ChromeDriver: chrome on WINDOWS (57635e8721873705196ef232db5b4ee0)] -> id: location]
2021-12-11 22:12:163 INFO  HomePage :86 - Selecting Distance : [[ChromeDriver: chrome on WINDOWS (57635e8721873705196ef232db5b4ee0)] -> xpath: (//select[@id='distance'])[1]]
2021-12-11 22:12:509 INFO  HomePage :93 - Clicking on more search options link : [[ChromeDriver: chrome on WINDOWS (57635e8721873705196ef232db5b4ee0)] -> id: toggle-hp-search]
2021-12-11 22:12:862 INFO  HomePage :107 - Entering maximum salary : [[ChromeDriver: chrome on WINDOWS (57635e8721873705196ef232db5b4ee0)] -> id: salarymax]
2021-12-11 22:12:963 INFO  HomePage :107 - Entering maximum salary : [[ChromeDriver: chrome on WINDOWS (57635e8721873705196ef232db5b4ee0)] -> id: salarymax]
2021-12-11 22:12:207 INFO  HomePage :100 - Entering Minimum Salary : [[ChromeDriver: chrome on WINDOWS (57635e8721873705196ef232db5b4ee0)] -> id: salarymin]
2021-12-11 22:12:332 INFO  HomePage :100 - Entering Minimum Salary : [[ChromeDriver: chrome on WINDOWS (57635e8721873705196ef232db5b4ee0)] -> id: salarymin]
2021-12-11 22:12:623 INFO  HomePage :127 - Click on Find Jobs Button : [[ChromeDriver: chrome on WINDOWS (57635e8721873705196ef232db5b4ee0)] -> id: hp-search-btn]
2021-12-11 22:12:983 INFO  ManageDriver :30 - Launching Chrome Browser
2021-12-11 22:12:825 INFO  ManageDriver :30 - Launching Chrome Browser
2021-12-11 22:12:158 INFO  HomePage :73 - Entering job title : [[ChromeDriver: chrome on WINDOWS (ea912500a99e22d54b904e2f32e09330)] -> id: keywords]
2021-12-11 22:12:469 INFO  HomePage :79 - Entering location : [[ChromeDriver: chrome on WINDOWS (ea912500a99e22d54b904e2f32e09330)] -> id: location]
2021-12-11 22:12:623 INFO  HomePage :86 - Selecting Distance : [[ChromeDriver: chrome on WINDOWS (ea912500a99e22d54b904e2f32e09330)] -> xpath: (//select[@id='distance'])[1]]
2021-12-11 22:12:827 INFO  HomePage :93 - Clicking on more search options link : [[ChromeDriver: chrome on WINDOWS (ea912500a99e22d54b904e2f32e09330)] -> id: toggle-hp-search]
2021-12-11 22:12:195 INFO  HomePage :107 - Entering maximum salary : [[ChromeDriver: chrome on WINDOWS (ea912500a99e22d54b904e2f32e09330)] -> id: salarymax]
2021-12-11 22:12:509 INFO  HomePage :107 - Entering maximum salary : [[ChromeDriver: chrome on WINDOWS (ea912500a99e22d54b904e2f32e09330)] -> id: salarymax]
2021-12-11 22:12:671 INFO  HomePage :100 - Entering Minimum Salary : [[ChromeDriver: chrome on WINDOWS (ea912500a99e22d54b904e2f32e09330)] -> id: salarymin]
2021-12-11 22:12:821 INFO  HomePage :100 - Entering Minimum Salary : [[ChromeDriver: chrome on WINDOWS (ea912500a99e22d54b904e2f32e09330)] -> id: salarymin]
2021-12-11 22:12:24 INFO  HomePage :127 - Click on Find Jobs Button : [[ChromeDriver: chrome on WINDOWS (ea912500a99e22d54b904e2f32e09330)] -> id: hp-search-btn]
2021-12-11 22:12:193 INFO  ManageDriver :30 - Launching Chrome Browser
2021-12-11 22:12:964 INFO  HomePage :73 - Entering job title : [[ChromeDriver: chrome on WINDOWS (9b3dccefae17842292a40071197cdec9)] -> id: keywords]
2021-12-11 22:12:341 INFO  HomePage :79 - Entering location : [[ChromeDriver: chrome on WINDOWS (9b3dccefae17842292a40071197cdec9)] -> id: location]
2021-12-11 22:12:731 INFO  HomePage :86 - Selecting Distance : [[ChromeDriver: chrome on WINDOWS (9b3dccefae17842292a40071197cdec9)] -> xpath: (//select[@id='distance'])[1]]
2021-12-11 22:12:964 INFO  HomePage :93 - Clicking on more search options link : [[ChromeDriver: chrome on WINDOWS (9b3dccefae17842292a40071197cdec9)] -> id: toggle-hp-search]
2021-12-11 22:12:536 INFO  HomePage :107 - Entering maximum salary : [[ChromeDriver: chrome on WINDOWS (9b3dccefae17842292a40071197cdec9)] -> id: salarymax]
2021-12-11 22:12:655 INFO  HomePage :107 - Entering maximum salary : [[ChromeDriver: chrome on WINDOWS (9b3dccefae17842292a40071197cdec9)] -> id: salarymax]
2021-12-11 22:12:838 INFO  HomePage :100 - Entering Minimum Salary : [[ChromeDriver: chrome on WINDOWS (9b3dccefae17842292a40071197cdec9)] -> id: salarymin]
2021-12-11 22:12:955 INFO  HomePage :100 - Entering Minimum Salary : [[ChromeDriver: chrome on WINDOWS (9b3dccefae17842292a40071197cdec9)] -> id: salarymin]
2021-12-11 22:12:175 INFO  HomePage :127 - Click on Find Jobs Button : [[ChromeDriver: chrome on WINDOWS (9b3dccefae17842292a40071197cdec9)] -> id: hp-search-btn]
2021-12-11 22:12:17 INFO  ManageDriver :30 - Launching Chrome Browser
2021-12-11 22:12:261 INFO  HomePage :73 - Entering job title : [[ChromeDriver: chrome on WINDOWS (83f47c3a46cc71b1bd554e6a8c73f252)] -> id: keywords]
2021-12-11 22:12:499 INFO  HomePage :79 - Entering location : [[ChromeDriver: chrome on WINDOWS (83f47c3a46cc71b1bd554e6a8c73f252)] -> id: location]
2021-12-11 22:12:735 INFO  HomePage :86 - Selecting Distance : [[ChromeDriver: chrome on WINDOWS (83f47c3a46cc71b1bd554e6a8c73f252)] -> xpath: (//select[@id='distance'])[1]]
2021-12-11 22:12:11 INFO  HomePage :93 - Clicking on more search options link : [[ChromeDriver: chrome on WINDOWS (83f47c3a46cc71b1bd554e6a8c73f252)] -> id: toggle-hp-search]
2021-12-11 22:12:388 INFO  HomePage :107 - Entering maximum salary : [[ChromeDriver: chrome on WINDOWS (83f47c3a46cc71b1bd554e6a8c73f252)] -> id: salarymax]
2021-12-11 22:12:495 INFO  HomePage :107 - Entering maximum salary : [[ChromeDriver: chrome on WINDOWS (83f47c3a46cc71b1bd554e6a8c73f252)] -> id: salarymax]
2021-12-11 22:12:837 INFO  HomePage :100 - Entering Minimum Salary : [[ChromeDriver: chrome on WINDOWS (83f47c3a46cc71b1bd554e6a8c73f252)] -> id: salarymin]
2021-12-11 22:12:165 INFO  HomePage :100 - Entering Minimum Salary : [[ChromeDriver: chrome on WINDOWS (83f47c3a46cc71b1bd554e6a8c73f252)] -> id: salarymin]
2021-12-11 22:12:615 INFO  HomePage :127 - Click on Find Jobs Button : [[ChromeDriver: chrome on WINDOWS (83f47c3a46cc71b1bd554e6a8c73f252)] -> id: hp-search-btn]
2021-12-11 22:12:207 INFO  ManageDriver :30 - Launching Chrome Browser
2021-12-11 22:12:397 INFO  HomePage :73 - Entering job title : [[ChromeDriver: chrome on WINDOWS (06bb313f096e962367f97cc0f304cca9)] -> id: keywords]
2021-12-11 22:12:30 INFO  HomePage :79 - Entering location : [[ChromeDriver: chrome on WINDOWS (06bb313f096e962367f97cc0f304cca9)] -> id: location]
2021-12-11 22:12:455 INFO  HomePage :86 - Selecting Distance : [[ChromeDriver: chrome on WINDOWS (06bb313f096e962367f97cc0f304cca9)] -> xpath: (//select[@id='distance'])[1]]
2021-12-11 22:12:943 INFO  HomePage :93 - Clicking on more search options link : [[ChromeDriver: chrome on WINDOWS (06bb313f096e962367f97cc0f304cca9)] -> id: toggle-hp-search]
2021-12-11 22:12:446 INFO  HomePage :107 - Entering maximum salary : [[ChromeDriver: chrome on WINDOWS (06bb313f096e962367f97cc0f304cca9)] -> id: salarymax]
2021-12-11 22:12:622 INFO  HomePage :107 - Entering maximum salary : [[ChromeDriver: chrome on WINDOWS (06bb313f096e962367f97cc0f304cca9)] -> id: salarymax]
2021-12-11 22:12:880 INFO  HomePage :100 - Entering Minimum Salary : [[ChromeDriver: chrome on WINDOWS (06bb313f096e962367f97cc0f304cca9)] -> id: salarymin]
2021-12-11 22:12:231 INFO  HomePage :100 - Entering Minimum Salary : [[ChromeDriver: chrome on WINDOWS (06bb313f096e962367f97cc0f304cca9)] -> id: salarymin]
2021-12-11 22:12:863 INFO  HomePage :127 - Click on Find Jobs Button : [[ChromeDriver: chrome on WINDOWS (06bb313f096e962367f97cc0f304cca9)] -> id: hp-search-btn]
2021-12-11 23:12:115 INFO  ManageDriver :30 - Launching Chrome Browser
2021-12-11 23:12:88 INFO  HomePage :73 - Entering job title : [[ChromeDriver: chrome on WINDOWS (926c4b62885d53132d54e88d9ba4d9cf)] -> id: keywords]
2021-12-11 23:12:558 INFO  HomePage :79 - Entering location : [[ChromeDriver: chrome on WINDOWS (926c4b62885d53132d54e88d9ba4d9cf)] -> id: location]
2021-12-11 23:12:862 INFO  HomePage :86 - Selecting Distance : [[ChromeDriver: chrome on WINDOWS (926c4b62885d53132d54e88d9ba4d9cf)] -> xpath: (//select[@id='distance'])[1]]
2021-12-11 23:12:223 INFO  HomePage :93 - Clicking on more search options link : [[ChromeDriver: chrome on WINDOWS (926c4b62885d53132d54e88d9ba4d9cf)] -> id: toggle-hp-search]
2021-12-11 23:12:846 INFO  HomePage :100 - Entering Minimum Salary : [[ChromeDriver: chrome on WINDOWS (926c4b62885d53132d54e88d9ba4d9cf)] -> id: salarymin]
2021-12-11 23:12:123 INFO  HomePage :107 - Entering maximum salary : [[ChromeDriver: chrome on WINDOWS (926c4b62885d53132d54e88d9ba4d9cf)] -> id: salarymax]
2021-12-11 23:12:329 INFO  HomePage :114 - Selecting Salary Type : [[ChromeDriver: chrome on WINDOWS (926c4b62885d53132d54e88d9ba4d9cf)] -> xpath: (//select[@id='salarytype'])[1]]
2021-12-11 23:12:542 INFO  HomePage :120 - select Job Type : [[ChromeDriver: chrome on WINDOWS (926c4b62885d53132d54e88d9ba4d9cf)] -> xpath: (//select[@id='tempperm'])[1]]
2021-12-11 23:12:839 INFO  HomePage :127 - Click on Find Jobs Button : [[ChromeDriver: chrome on WINDOWS (926c4b62885d53132d54e88d9ba4d9cf)] -> id: hp-search-btn]
2021-12-11 23:12:687 INFO  ManageDriver :30 - Launching Chrome Browser
2021-12-11 23:12:490 INFO  HomePage :73 - Entering job title : [[ChromeDriver: chrome on WINDOWS (33165b502ec10d0e7cb6ccfdbe7840fb)] -> id: keywords]
2021-12-11 23:12:698 INFO  HomePage :79 - Entering location : [[ChromeDriver: chrome on WINDOWS (33165b502ec10d0e7cb6ccfdbe7840fb)] -> id: location]
2021-12-11 23:12:943 INFO  HomePage :86 - Selecting Distance : [[ChromeDriver: chrome on WINDOWS (33165b502ec10d0e7cb6ccfdbe7840fb)] -> xpath: (//select[@id='distance'])[1]]
2021-12-11 23:12:279 INFO  HomePage :93 - Clicking on more search options link : [[ChromeDriver: chrome on WINDOWS (33165b502ec10d0e7cb6ccfdbe7840fb)] -> id: toggle-hp-search]
2021-12-11 23:12:692 INFO  HomePage :100 - Entering Minimum Salary : [[ChromeDriver: chrome on WINDOWS (33165b502ec10d0e7cb6ccfdbe7840fb)] -> id: salarymin]
2021-12-11 23:12:928 INFO  HomePage :107 - Entering maximum salary : [[ChromeDriver: chrome on WINDOWS (33165b502ec10d0e7cb6ccfdbe7840fb)] -> id: salarymax]
2021-12-11 23:12:139 INFO  HomePage :114 - Selecting Salary Type : [[ChromeDriver: chrome on WINDOWS (33165b502ec10d0e7cb6ccfdbe7840fb)] -> xpath: (//select[@id='salarytype'])[1]]
2021-12-11 23:12:308 INFO  HomePage :120 - select Job Type : [[ChromeDriver: chrome on WINDOWS (33165b502ec10d0e7cb6ccfdbe7840fb)] -> xpath: (//select[@id='tempperm'])[1]]
2021-12-11 23:12:647 INFO  HomePage :127 - Click on Find Jobs Button : [[ChromeDriver: chrome on WINDOWS (33165b502ec10d0e7cb6ccfdbe7840fb)] -> id: hp-search-btn]
2021-12-11 23:12:525 INFO  ManageDriver :30 - Launching Chrome Browser
2021-12-11 23:12:943 INFO  HomePage :73 - Entering job title : [[ChromeDriver: chrome on WINDOWS (1d639f08b9e581c2c992417cc432b6ad)] -> id: keywords]
2021-12-11 23:12:227 INFO  HomePage :79 - Entering location : [[ChromeDriver: chrome on WINDOWS (1d639f08b9e581c2c992417cc432b6ad)] -> id: location]
2021-12-11 23:12:560 INFO  HomePage :86 - Selecting Distance : [[ChromeDriver: chrome on WINDOWS (1d639f08b9e581c2c992417cc432b6ad)] -> xpath: (//select[@id='distance'])[1]]
2021-12-11 23:12:829 INFO  HomePage :93 - Clicking on more search options link : [[ChromeDriver: chrome on WINDOWS (1d639f08b9e581c2c992417cc432b6ad)] -> id: toggle-hp-search]
2021-12-11 23:12:276 INFO  HomePage :100 - Entering Minimum Salary : [[ChromeDriver: chrome on WINDOWS (1d639f08b9e581c2c992417cc432b6ad)] -> id: salarymin]
2021-12-11 23:12:532 INFO  HomePage :107 - Entering maximum salary : [[ChromeDriver: chrome on WINDOWS (1d639f08b9e581c2c992417cc432b6ad)] -> id: salarymax]
2021-12-11 23:12:758 INFO  HomePage :114 - Selecting Salary Type : [[ChromeDriver: chrome on WINDOWS (1d639f08b9e581c2c992417cc432b6ad)] -> xpath: (//select[@id='salarytype'])[1]]
2021-12-11 23:12:24 INFO  HomePage :120 - select Job Type : [[ChromeDriver: chrome on WINDOWS (1d639f08b9e581c2c992417cc432b6ad)] -> xpath: (//select[@id='tempperm'])[1]]
2021-12-11 23:12:414 INFO  HomePage :127 - Click on Find Jobs Button : [[ChromeDriver: chrome on WINDOWS (1d639f08b9e581c2c992417cc432b6ad)] -> id: hp-search-btn]
2021-12-11 23:12:744 INFO  ManageDriver :30 - Launching Chrome Browser
2021-12-11 23:12:954 INFO  HomePage :73 - Entering job title : [[ChromeDriver: chrome on WINDOWS (7da921af058163d25ae65ecbfade1e1b)] -> id: keywords]
2021-12-11 23:12:203 INFO  HomePage :79 - Entering location : [[ChromeDriver: chrome on WINDOWS (7da921af058163d25ae65ecbfade1e1b)] -> id: location]
2021-12-11 23:12:448 INFO  HomePage :86 - Selecting Distance : [[ChromeDriver: chrome on WINDOWS (7da921af058163d25ae65ecbfade1e1b)] -> xpath: (//select[@id='distance'])[1]]
2021-12-11 23:12:835 INFO  HomePage :93 - Clicking on more search options link : [[ChromeDriver: chrome on WINDOWS (7da921af058163d25ae65ecbfade1e1b)] -> id: toggle-hp-search]
2021-12-11 23:12:268 INFO  HomePage :100 - Entering Minimum Salary : [[ChromeDriver: chrome on WINDOWS (7da921af058163d25ae65ecbfade1e1b)] -> id: salarymin]
2021-12-11 23:12:495 INFO  HomePage :107 - Entering maximum salary : [[ChromeDriver: chrome on WINDOWS (7da921af058163d25ae65ecbfade1e1b)] -> id: salarymax]
2021-12-11 23:12:714 INFO  HomePage :114 - Selecting Salary Type : [[ChromeDriver: chrome on WINDOWS (7da921af058163d25ae65ecbfade1e1b)] -> xpath: (//select[@id='salarytype'])[1]]
2021-12-11 23:12:939 INFO  HomePage :120 - select Job Type : [[ChromeDriver: chrome on WINDOWS (7da921af058163d25ae65ecbfade1e1b)] -> xpath: (//select[@id='tempperm'])[1]]
2021-12-11 23:12:291 INFO  HomePage :127 - Click on Find Jobs Button : [[ChromeDriver: chrome on WINDOWS (7da921af058163d25ae65ecbfade1e1b)] -> id: hp-search-btn]
2021-12-11 23:12:927 INFO  ManageDriver :30 - Launching Chrome Browser
2021-12-11 23:12:47 INFO  HomePage :73 - Entering job title : [[ChromeDriver: chrome on WINDOWS (3dd9d2a1f02e1f3825a631db2abdf351)] -> id: keywords]
2021-12-11 23:12:345 INFO  HomePage :79 - Entering location : [[ChromeDriver: chrome on WINDOWS (3dd9d2a1f02e1f3825a631db2abdf351)] -> id: location]
2021-12-11 23:12:605 INFO  HomePage :86 - Selecting Distance : [[ChromeDriver: chrome on WINDOWS (3dd9d2a1f02e1f3825a631db2abdf351)] -> xpath: (//select[@id='distance'])[1]]
2021-12-11 23:12:879 INFO  HomePage :93 - Clicking on more search options link : [[ChromeDriver: chrome on WINDOWS (3dd9d2a1f02e1f3825a631db2abdf351)] -> id: toggle-hp-search]
2021-12-11 23:12:226 INFO  HomePage :100 - Entering Minimum Salary : [[ChromeDriver: chrome on WINDOWS (3dd9d2a1f02e1f3825a631db2abdf351)] -> id: salarymin]
2021-12-11 23:12:524 INFO  HomePage :107 - Entering maximum salary : [[ChromeDriver: chrome on WINDOWS (3dd9d2a1f02e1f3825a631db2abdf351)] -> id: salarymax]
2021-12-11 23:12:693 INFO  HomePage :114 - Selecting Salary Type : [[ChromeDriver: chrome on WINDOWS (3dd9d2a1f02e1f3825a631db2abdf351)] -> xpath: (//select[@id='salarytype'])[1]]
2021-12-11 23:12:941 INFO  HomePage :120 - select Job Type : [[ChromeDriver: chrome on WINDOWS (3dd9d2a1f02e1f3825a631db2abdf351)] -> xpath: (//select[@id='tempperm'])[1]]
2021-12-11 23:12:176 INFO  HomePage :127 - Click on Find Jobs Button : [[ChromeDriver: chrome on WINDOWS (3dd9d2a1f02e1f3825a631db2abdf351)] -> id: hp-search-btn]
2021-12-11 23:12:945 INFO  ManageDriver :30 - Launching Chrome Browser
2021-12-11 23:12:177 INFO  HomePage :73 - Entering job title : [[ChromeDriver: chrome on WINDOWS (2507c3e85a8ec17aac09dc06c5341c3a)] -> id: keywords]
2021-12-11 23:12:529 INFO  HomePage :79 - Entering location : [[ChromeDriver: chrome on WINDOWS (2507c3e85a8ec17aac09dc06c5341c3a)] -> id: location]
2021-12-11 23:12:741 INFO  HomePage :86 - Selecting Distance : [[ChromeDriver: chrome on WINDOWS (2507c3e85a8ec17aac09dc06c5341c3a)] -> xpath: (//select[@id='distance'])[1]]
2021-12-11 23:12:255 INFO  HomePage :93 - Clicking on more search options link : [[ChromeDriver: chrome on WINDOWS (2507c3e85a8ec17aac09dc06c5341c3a)] -> id: toggle-hp-search]
2021-12-11 23:12:676 INFO  HomePage :100 - Entering Minimum Salary : [[ChromeDriver: chrome on WINDOWS (2507c3e85a8ec17aac09dc06c5341c3a)] -> id: salarymin]
2021-12-11 23:12:914 INFO  HomePage :107 - Entering maximum salary : [[ChromeDriver: chrome on WINDOWS (2507c3e85a8ec17aac09dc06c5341c3a)] -> id: salarymax]
2021-12-11 23:12:98 INFO  HomePage :114 - Selecting Salary Type : [[ChromeDriver: chrome on WINDOWS (2507c3e85a8ec17aac09dc06c5341c3a)] -> xpath: (//select[@id='salarytype'])[1]]
2021-12-11 23:12:386 INFO  HomePage :120 - select Job Type : [[ChromeDriver: chrome on WINDOWS (2507c3e85a8ec17aac09dc06c5341c3a)] -> xpath: (//select[@id='tempperm'])[1]]
2021-12-11 23:12:666 INFO  HomePage :127 - Click on Find Jobs Button : [[ChromeDriver: chrome on WINDOWS (2507c3e85a8ec17aac09dc06c5341c3a)] -> id: hp-search-btn]
2021-12-11 23:12:462 INFO  ManageDriver :30 - Launching Chrome Browser
2021-12-11 23:12:648 INFO  HomePage :73 - Entering job title : [[ChromeDriver: chrome on WINDOWS (8a26611e10c76d183603be995a0379a7)] -> id: keywords]
2021-12-11 23:12:945 INFO  HomePage :79 - Entering location : [[ChromeDriver: chrome on WINDOWS (8a26611e10c76d183603be995a0379a7)] -> id: location]
2021-12-11 23:12:291 INFO  HomePage :86 - Selecting Distance : [[ChromeDriver: chrome on WINDOWS (8a26611e10c76d183603be995a0379a7)] -> xpath: (//select[@id='distance'])[1]]
2021-12-11 23:12:622 INFO  HomePage :93 - Clicking on more search options link : [[ChromeDriver: chrome on WINDOWS (8a26611e10c76d183603be995a0379a7)] -> id: toggle-hp-search]
2021-12-11 23:12:13 INFO  HomePage :100 - Entering Minimum Salary : [[ChromeDriver: chrome on WINDOWS (8a26611e10c76d183603be995a0379a7)] -> id: salarymin]
2021-12-11 23:12:280 INFO  HomePage :107 - Entering maximum salary : [[ChromeDriver: chrome on WINDOWS (8a26611e10c76d183603be995a0379a7)] -> id: salarymax]
2021-12-11 23:12:425 INFO  HomePage :114 - Selecting Salary Type : [[ChromeDriver: chrome on WINDOWS (8a26611e10c76d183603be995a0379a7)] -> xpath: (//select[@id='salarytype'])[1]]
2021-12-11 23:12:645 INFO  HomePage :120 - select Job Type : [[ChromeDriver: chrome on WINDOWS (8a26611e10c76d183603be995a0379a7)] -> xpath: (//select[@id='tempperm'])[1]]
2021-12-11 23:12:11 INFO  HomePage :127 - Click on Find Jobs Button : [[ChromeDriver: chrome on WINDOWS (8a26611e10c76d183603be995a0379a7)] -> id: hp-search-btn]
2021-12-11 23:12:797 INFO  ManageDriver :30 - Launching Chrome Browser
2021-12-11 23:12:944 INFO  ManageDriver :30 - Launching Chrome Browser
2021-12-11 23:12:759 INFO  ManageDriver :30 - Launching Chrome Browser
2021-12-11 23:12:110 INFO  ManageDriver :30 - Launching Chrome Browser
2021-12-11 23:12:608 INFO  ManageDriver :30 - Launching Chrome Browser
2021-12-11 23:12:228 INFO  ManageDriver :30 - Launching Chrome Browser
2021-12-11 23:12:731 INFO  ManageDriver :30 - Launching Chrome Browser
2021-12-11 23:12:820 INFO  ManageDriver :30 - Launching Chrome Browser
2021-12-11 23:12:271 INFO  HomePage :73 - Entering job title : [[ChromeDriver: chrome on WINDOWS (df02f5cd634e62cd53dfdb44a19c88bc)] -> id: keywords]
2021-12-11 23:12:739 INFO  HomePage :79 - Entering location : [[ChromeDriver: chrome on WINDOWS (df02f5cd634e62cd53dfdb44a19c88bc)] -> id: location]
2021-12-11 23:12:24 INFO  HomePage :86 - Selecting Distance : [[ChromeDriver: chrome on WINDOWS (df02f5cd634e62cd53dfdb44a19c88bc)] -> xpath: (//select[@id='distance'])[1]]
2021-12-11 23:12:349 INFO  HomePage :93 - Clicking on more search options link : [[ChromeDriver: chrome on WINDOWS (df02f5cd634e62cd53dfdb44a19c88bc)] -> id: toggle-hp-search]
2021-12-11 23:12:708 INFO  HomePage :100 - Entering Minimum Salary : [[ChromeDriver: chrome on WINDOWS (df02f5cd634e62cd53dfdb44a19c88bc)] -> id: salarymin]
2021-12-11 23:12:05 INFO  HomePage :107 - Entering maximum salary : [[ChromeDriver: chrome on WINDOWS (df02f5cd634e62cd53dfdb44a19c88bc)] -> id: salarymax]
2021-12-11 23:12:191 INFO  HomePage :114 - Selecting Salary Type : [[ChromeDriver: chrome on WINDOWS (df02f5cd634e62cd53dfdb44a19c88bc)] -> xpath: (//select[@id='salarytype'])[1]]
2021-12-11 23:12:509 INFO  HomePage :120 - select Job Type : [[ChromeDriver: chrome on WINDOWS (df02f5cd634e62cd53dfdb44a19c88bc)] -> xpath: (//select[@id='tempperm'])[1]]
2021-12-11 23:12:892 INFO  HomePage :127 - Click on Find Jobs Button : [[ChromeDriver: chrome on WINDOWS (df02f5cd634e62cd53dfdb44a19c88bc)] -> id: hp-search-btn]
2021-12-11 23:12:51 INFO  ManageDriver :30 - Launching Chrome Browser
2021-12-11 23:12:25 INFO  HomePage :73 - Entering job title : [[ChromeDriver: chrome on WINDOWS (ae4f32898102519a6a98468419f094a3)] -> id: keywords]
2021-12-11 23:12:472 INFO  HomePage :79 - Entering location : [[ChromeDriver: chrome on WINDOWS (ae4f32898102519a6a98468419f094a3)] -> id: location]
2021-12-11 23:12:709 INFO  HomePage :86 - Selecting Distance : [[ChromeDriver: chrome on WINDOWS (ae4f32898102519a6a98468419f094a3)] -> xpath: (//select[@id='distance'])[1]]
2021-12-11 23:12:45 INFO  HomePage :93 - Clicking on more search options link : [[ChromeDriver: chrome on WINDOWS (ae4f32898102519a6a98468419f094a3)] -> id: toggle-hp-search]
2021-12-11 23:12:473 INFO  HomePage :100 - Entering Minimum Salary : [[ChromeDriver: chrome on WINDOWS (ae4f32898102519a6a98468419f094a3)] -> id: salarymin]
2021-12-11 23:12:707 INFO  HomePage :107 - Entering maximum salary : [[ChromeDriver: chrome on WINDOWS (ae4f32898102519a6a98468419f094a3)] -> id: salarymax]
2021-12-11 23:12:21 INFO  HomePage :114 - Selecting Salary Type : [[ChromeDriver: chrome on WINDOWS (ae4f32898102519a6a98468419f094a3)] -> xpath: (//select[@id='salarytype'])[1]]
2021-12-11 23:12:251 INFO  HomePage :120 - select Job Type : [[ChromeDriver: chrome on WINDOWS (ae4f32898102519a6a98468419f094a3)] -> xpath: (//select[@id='tempperm'])[1]]
2021-12-11 23:12:548 INFO  HomePage :127 - Click on Find Jobs Button : [[ChromeDriver: chrome on WINDOWS (ae4f32898102519a6a98468419f094a3)] -> id: hp-search-btn]
2021-12-11 23:12:475 INFO  ManageDriver :30 - Launching Chrome Browser
2021-12-11 23:12:887 INFO  HomePage :73 - Entering job title : [[ChromeDriver: chrome on WINDOWS (9b0a6dca565b3375d227e7de4c73dde7)] -> id: keywords]
2021-12-11 23:12:210 INFO  HomePage :79 - Entering location : [[ChromeDriver: chrome on WINDOWS (9b0a6dca565b3375d227e7de4c73dde7)] -> id: location]
2021-12-11 23:12:690 INFO  HomePage :86 - Selecting Distance : [[ChromeDriver: chrome on WINDOWS (9b0a6dca565b3375d227e7de4c73dde7)] -> xpath: (//select[@id='distance'])[1]]
2021-12-11 23:12:964 INFO  HomePage :93 - Clicking on more search options link : [[ChromeDriver: chrome on WINDOWS (9b0a6dca565b3375d227e7de4c73dde7)] -> id: toggle-hp-search]
2021-12-11 23:12:396 INFO  HomePage :100 - Entering Minimum Salary : [[ChromeDriver: chrome on WINDOWS (9b0a6dca565b3375d227e7de4c73dde7)] -> id: salarymin]
2021-12-11 23:12:619 INFO  HomePage :107 - Entering maximum salary : [[ChromeDriver: chrome on WINDOWS (9b0a6dca565b3375d227e7de4c73dde7)] -> id: salarymax]
2021-12-11 23:12:840 INFO  HomePage :114 - Selecting Salary Type : [[ChromeDriver: chrome on WINDOWS (9b0a6dca565b3375d227e7de4c73dde7)] -> xpath: (//select[@id='salarytype'])[1]]
2021-12-11 23:12:32 INFO  HomePage :120 - select Job Type : [[ChromeDriver: chrome on WINDOWS (9b0a6dca565b3375d227e7de4c73dde7)] -> xpath: (//select[@id='tempperm'])[1]]
2021-12-11 23:12:414 INFO  HomePage :127 - Click on Find Jobs Button : [[ChromeDriver: chrome on WINDOWS (9b0a6dca565b3375d227e7de4c73dde7)] -> id: hp-search-btn]
2021-12-11 23:12:617 INFO  ManageDriver :30 - Launching Chrome Browser
2021-12-11 23:12:554 INFO  HomePage :73 - Entering job title : [[ChromeDriver: chrome on WINDOWS (476d8b2b8f98b8f221348ca37dac4224)] -> id: keywords]
2021-12-11 23:12:844 INFO  HomePage :79 - Entering location : [[ChromeDriver: chrome on WINDOWS (476d8b2b8f98b8f221348ca37dac4224)] -> id: location]
2021-12-11 23:12:92 INFO  HomePage :86 - Selecting Distance : [[ChromeDriver: chrome on WINDOWS (476d8b2b8f98b8f221348ca37dac4224)] -> xpath: (//select[@id='distance'])[1]]
2021-12-11 23:12:348 INFO  HomePage :93 - Clicking on more search options link : [[ChromeDriver: chrome on WINDOWS (476d8b2b8f98b8f221348ca37dac4224)] -> id: toggle-hp-search]
2021-12-11 23:12:769 INFO  HomePage :100 - Entering Minimum Salary : [[ChromeDriver: chrome on WINDOWS (476d8b2b8f98b8f221348ca37dac4224)] -> id: salarymin]
2021-12-11 23:12:11 INFO  HomePage :107 - Entering maximum salary : [[ChromeDriver: chrome on WINDOWS (476d8b2b8f98b8f221348ca37dac4224)] -> id: salarymax]
2021-12-11 23:12:231 INFO  HomePage :114 - Selecting Salary Type : [[ChromeDriver: chrome on WINDOWS (476d8b2b8f98b8f221348ca37dac4224)] -> xpath: (//select[@id='salarytype'])[1]]
2021-12-11 23:12:503 INFO  HomePage :120 - select Job Type : [[ChromeDriver: chrome on WINDOWS (476d8b2b8f98b8f221348ca37dac4224)] -> xpath: (//select[@id='tempperm'])[1]]
2021-12-11 23:12:760 INFO  HomePage :127 - Click on Find Jobs Button : [[ChromeDriver: chrome on WINDOWS (476d8b2b8f98b8f221348ca37dac4224)] -> id: hp-search-btn]
2021-12-11 23:12:147 INFO  ManageDriver :30 - Launching Chrome Browser
2021-12-11 23:12:799 INFO  HomePage :73 - Entering job title : [[ChromeDriver: chrome on WINDOWS (dd20828507227d976fb3d7fabaeca19a)] -> id: keywords]
2021-12-11 23:12:44 INFO  HomePage :79 - Entering location : [[ChromeDriver: chrome on WINDOWS (dd20828507227d976fb3d7fabaeca19a)] -> id: location]
2021-12-11 23:12:356 INFO  HomePage :86 - Selecting Distance : [[ChromeDriver: chrome on WINDOWS (dd20828507227d976fb3d7fabaeca19a)] -> xpath: (//select[@id='distance'])[1]]
2021-12-11 23:12:711 INFO  HomePage :93 - Clicking on more search options link : [[ChromeDriver: chrome on WINDOWS (dd20828507227d976fb3d7fabaeca19a)] -> id: toggle-hp-search]
2021-12-11 23:12:111 INFO  HomePage :100 - Entering Minimum Salary : [[ChromeDriver: chrome on WINDOWS (dd20828507227d976fb3d7fabaeca19a)] -> id: salarymin]
2021-12-11 23:12:453 INFO  HomePage :107 - Entering maximum salary : [[ChromeDriver: chrome on WINDOWS (dd20828507227d976fb3d7fabaeca19a)] -> id: salarymax]
2021-12-11 23:12:586 INFO  HomePage :114 - Selecting Salary Type : [[ChromeDriver: chrome on WINDOWS (dd20828507227d976fb3d7fabaeca19a)] -> xpath: (//select[@id='salarytype'])[1]]
2021-12-11 23:12:878 INFO  HomePage :120 - select Job Type : [[ChromeDriver: chrome on WINDOWS (dd20828507227d976fb3d7fabaeca19a)] -> xpath: (//select[@id='tempperm'])[1]]
2021-12-11 23:12:132 INFO  HomePage :127 - Click on Find Jobs Button : [[ChromeDriver: chrome on WINDOWS (dd20828507227d976fb3d7fabaeca19a)] -> id: hp-search-btn]
2021-12-11 23:12:349 INFO  ManageDriver :30 - Launching Chrome Browser
2021-12-11 23:12:863 INFO  HomePage :73 - Entering job title : [[ChromeDriver: chrome on WINDOWS (fbdd73a41e42e409257d8ba715622922)] -> id: keywords]
2021-12-11 23:12:110 INFO  HomePage :79 - Entering location : [[ChromeDriver: chrome on WINDOWS (fbdd73a41e42e409257d8ba715622922)] -> id: location]
2021-12-11 23:12:472 INFO  HomePage :86 - Selecting Distance : [[ChromeDriver: chrome on WINDOWS (fbdd73a41e42e409257d8ba715622922)] -> xpath: (//select[@id='distance'])[1]]
2021-12-11 23:12:754 INFO  HomePage :93 - Clicking on more search options link : [[ChromeDriver: chrome on WINDOWS (fbdd73a41e42e409257d8ba715622922)] -> id: toggle-hp-search]
2021-12-11 23:12:296 INFO  HomePage :100 - Entering Minimum Salary : [[ChromeDriver: chrome on WINDOWS (fbdd73a41e42e409257d8ba715622922)] -> id: salarymin]
2021-12-11 23:12:643 INFO  HomePage :107 - Entering maximum salary : [[ChromeDriver: chrome on WINDOWS (fbdd73a41e42e409257d8ba715622922)] -> id: salarymax]
2021-12-11 23:12:945 INFO  HomePage :114 - Selecting Salary Type : [[ChromeDriver: chrome on WINDOWS (fbdd73a41e42e409257d8ba715622922)] -> xpath: (//select[@id='salarytype'])[1]]
2021-12-11 23:12:177 INFO  HomePage :120 - select Job Type : [[ChromeDriver: chrome on WINDOWS (fbdd73a41e42e409257d8ba715622922)] -> xpath: (//select[@id='tempperm'])[1]]
2021-12-11 23:12:530 INFO  HomePage :127 - Click on Find Jobs Button : [[ChromeDriver: chrome on WINDOWS (fbdd73a41e42e409257d8ba715622922)] -> id: hp-search-btn]
2021-12-11 23:12:344 INFO  ManageDriver :30 - Launching Chrome Browser
2021-12-11 23:12:247 INFO  HomePage :73 - Entering job title : [[ChromeDriver: chrome on WINDOWS (2b93ad4ac8120304abba29a044468cbd)] -> id: keywords]
2021-12-11 23:12:681 INFO  HomePage :79 - Entering location : [[ChromeDriver: chrome on WINDOWS (2b93ad4ac8120304abba29a044468cbd)] -> id: location]
2021-12-11 23:12:119 INFO  HomePage :86 - Selecting Distance : [[ChromeDriver: chrome on WINDOWS (2b93ad4ac8120304abba29a044468cbd)] -> xpath: (//select[@id='distance'])[1]]
2021-12-11 23:12:363 INFO  HomePage :93 - Clicking on more search options link : [[ChromeDriver: chrome on WINDOWS (2b93ad4ac8120304abba29a044468cbd)] -> id: toggle-hp-search]
2021-12-11 23:12:788 INFO  HomePage :100 - Entering Minimum Salary : [[ChromeDriver: chrome on WINDOWS (2b93ad4ac8120304abba29a044468cbd)] -> id: salarymin]
2021-12-11 23:12:992 INFO  HomePage :107 - Entering maximum salary : [[ChromeDriver: chrome on WINDOWS (2b93ad4ac8120304abba29a044468cbd)] -> id: salarymax]
2021-12-11 23:12:190 INFO  HomePage :114 - Selecting Salary Type : [[ChromeDriver: chrome on WINDOWS (2b93ad4ac8120304abba29a044468cbd)] -> xpath: (//select[@id='salarytype'])[1]]
2021-12-11 23:12:408 INFO  HomePage :120 - select Job Type : [[ChromeDriver: chrome on WINDOWS (2b93ad4ac8120304abba29a044468cbd)] -> xpath: (//select[@id='tempperm'])[1]]
2021-12-11 23:12:789 INFO  HomePage :127 - Click on Find Jobs Button : [[ChromeDriver: chrome on WINDOWS (2b93ad4ac8120304abba29a044468cbd)] -> id: hp-search-btn]
2021-12-12 00:12:648 INFO  ManageDriver :30 - Launching Chrome Browser
2021-12-12 00:12:978 INFO  HomePage :73 - Entering job title : [[ChromeDriver: chrome on WINDOWS (6d54022e5653ecd72b837122646d89da)] -> id: keywords]
2021-12-12 00:12:498 INFO  HomePage :79 - Entering location : [[ChromeDriver: chrome on WINDOWS (6d54022e5653ecd72b837122646d89da)] -> id: location]
2021-12-12 00:12:997 INFO  HomePage :86 - Selecting Distance : [[ChromeDriver: chrome on WINDOWS (6d54022e5653ecd72b837122646d89da)] -> xpath: (//select[@id='distance'])[1]]
2021-12-12 00:12:389 INFO  HomePage :93 - Clicking on more search options link : [[ChromeDriver: chrome on WINDOWS (6d54022e5653ecd72b837122646d89da)] -> id: toggle-hp-search]
2021-12-12 00:12:857 INFO  HomePage :100 - Entering Minimum Salary : [[ChromeDriver: chrome on WINDOWS (6d54022e5653ecd72b837122646d89da)] -> id: salarymin]
2021-12-12 00:12:166 INFO  HomePage :107 - Entering maximum salary : [[ChromeDriver: chrome on WINDOWS (6d54022e5653ecd72b837122646d89da)] -> id: salarymax]
2021-12-12 00:12:358 INFO  HomePage :114 - Selecting Salary Type : [[ChromeDriver: chrome on WINDOWS (6d54022e5653ecd72b837122646d89da)] -> xpath: (//select[@id='salarytype'])[1]]
2021-12-12 00:12:643 INFO  HomePage :120 - select Job Type : [[ChromeDriver: chrome on WINDOWS (6d54022e5653ecd72b837122646d89da)] -> xpath: (//select[@id='tempperm'])[1]]
2021-12-12 00:12:47 INFO  HomePage :127 - Click on Find Jobs Button : [[ChromeDriver: chrome on WINDOWS (6d54022e5653ecd72b837122646d89da)] -> id: hp-search-btn]
2021-12-12 00:12:112 INFO  ManageDriver :30 - Launching Chrome Browser
2021-12-12 00:12:75 INFO  HomePage :73 - Entering job title : [[ChromeDriver: chrome on WINDOWS (5cd569359038565cba83026724a43793)] -> id: keywords]
2021-12-12 00:12:710 INFO  HomePage :79 - Entering location : [[ChromeDriver: chrome on WINDOWS (5cd569359038565cba83026724a43793)] -> id: location]
2021-12-12 00:12:174 INFO  HomePage :86 - Selecting Distance : [[ChromeDriver: chrome on WINDOWS (5cd569359038565cba83026724a43793)] -> xpath: (//select[@id='distance'])[1]]
2021-12-12 00:12:446 INFO  HomePage :93 - Clicking on more search options link : [[ChromeDriver: chrome on WINDOWS (5cd569359038565cba83026724a43793)] -> id: toggle-hp-search]
2021-12-12 00:12:976 INFO  HomePage :100 - Entering Minimum Salary : [[ChromeDriver: chrome on WINDOWS (5cd569359038565cba83026724a43793)] -> id: salarymin]
2021-12-12 00:12:517 INFO  HomePage :107 - Entering maximum salary : [[ChromeDriver: chrome on WINDOWS (5cd569359038565cba83026724a43793)] -> id: salarymax]
2021-12-12 00:12:164 INFO  HomePage :114 - Selecting Salary Type : [[ChromeDriver: chrome on WINDOWS (5cd569359038565cba83026724a43793)] -> xpath: (//select[@id='salarytype'])[1]]
2021-12-12 00:12:212 INFO  HomePage :120 - select Job Type : [[ChromeDriver: chrome on WINDOWS (5cd569359038565cba83026724a43793)] -> xpath: (//select[@id='tempperm'])[1]]
2021-12-12 00:12:448 INFO  HomePage :127 - Click on Find Jobs Button : [[ChromeDriver: chrome on WINDOWS (5cd569359038565cba83026724a43793)] -> id: hp-search-btn]
2021-12-12 00:12:504 INFO  ManageDriver :30 - Launching Chrome Browser
2021-12-12 00:12:17 INFO  HomePage :73 - Entering job title : [[ChromeDriver: chrome on WINDOWS (6eccb0fc4dfccae72b4566d956aa71b6)] -> id: keywords]
2021-12-12 00:12:582 INFO  HomePage :79 - Entering location : [[ChromeDriver: chrome on WINDOWS (6eccb0fc4dfccae72b4566d956aa71b6)] -> id: location]
2021-12-12 00:12:806 INFO  HomePage :86 - Selecting Distance : [[ChromeDriver: chrome on WINDOWS (6eccb0fc4dfccae72b4566d956aa71b6)] -> xpath: (//select[@id='distance'])[1]]
2021-12-12 00:12:76 INFO  HomePage :93 - Clicking on more search options link : [[ChromeDriver: chrome on WINDOWS (6eccb0fc4dfccae72b4566d956aa71b6)] -> id: toggle-hp-search]
2021-12-12 00:12:430 INFO  HomePage :100 - Entering Minimum Salary : [[ChromeDriver: chrome on WINDOWS (6eccb0fc4dfccae72b4566d956aa71b6)] -> id: salarymin]
2021-12-12 00:12:643 INFO  HomePage :107 - Entering maximum salary : [[ChromeDriver: chrome on WINDOWS (6eccb0fc4dfccae72b4566d956aa71b6)] -> id: salarymax]
2021-12-12 00:12:858 INFO  HomePage :114 - Selecting Salary Type : [[ChromeDriver: chrome on WINDOWS (6eccb0fc4dfccae72b4566d956aa71b6)] -> xpath: (//select[@id='salarytype'])[1]]
2021-12-12 00:12:35 INFO  HomePage :120 - select Job Type : [[ChromeDriver: chrome on WINDOWS (6eccb0fc4dfccae72b4566d956aa71b6)] -> xpath: (//select[@id='tempperm'])[1]]
2021-12-12 00:12:245 INFO  HomePage :127 - Click on Find Jobs Button : [[ChromeDriver: chrome on WINDOWS (6eccb0fc4dfccae72b4566d956aa71b6)] -> id: hp-search-btn]
2021-12-12 00:12:172 INFO  ManageDriver :30 - Launching Chrome Browser
2021-12-12 00:12:290 INFO  HomePage :73 - Entering job title : [[ChromeDriver: chrome on WINDOWS (618de1fb6b4e6c45502dc257fea80d5c)] -> id: keywords]
2021-12-12 00:12:544 INFO  HomePage :79 - Entering location : [[ChromeDriver: chrome on WINDOWS (618de1fb6b4e6c45502dc257fea80d5c)] -> id: location]
2021-12-12 00:12:848 INFO  HomePage :86 - Selecting Distance : [[ChromeDriver: chrome on WINDOWS (618de1fb6b4e6c45502dc257fea80d5c)] -> xpath: (//select[@id='distance'])[1]]
2021-12-12 00:12:404 INFO  HomePage :93 - Clicking on more search options link : [[ChromeDriver: chrome on WINDOWS (618de1fb6b4e6c45502dc257fea80d5c)] -> id: toggle-hp-search]
2021-12-12 00:12:914 INFO  HomePage :100 - Entering Minimum Salary : [[ChromeDriver: chrome on WINDOWS (618de1fb6b4e6c45502dc257fea80d5c)] -> id: salarymin]
2021-12-12 00:12:99 INFO  HomePage :107 - Entering maximum salary : [[ChromeDriver: chrome on WINDOWS (618de1fb6b4e6c45502dc257fea80d5c)] -> id: salarymax]
2021-12-12 00:12:304 INFO  HomePage :114 - Selecting Salary Type : [[ChromeDriver: chrome on WINDOWS (618de1fb6b4e6c45502dc257fea80d5c)] -> xpath: (//select[@id='salarytype'])[1]]
2021-12-12 00:12:488 INFO  HomePage :120 - select Job Type : [[ChromeDriver: chrome on WINDOWS (618de1fb6b4e6c45502dc257fea80d5c)] -> xpath: (//select[@id='tempperm'])[1]]
2021-12-12 00:12:800 INFO  HomePage :127 - Click on Find Jobs Button : [[ChromeDriver: chrome on WINDOWS (618de1fb6b4e6c45502dc257fea80d5c)] -> id: hp-search-btn]
2021-12-12 00:12:797 INFO  ManageDriver :30 - Launching Chrome Browser
2021-12-12 00:12:366 INFO  HomePage :73 - Entering job title : [[ChromeDriver: chrome on WINDOWS (908c4bf7e702c8857037d49d67183787)] -> id: keywords]
2021-12-12 00:12:616 INFO  HomePage :79 - Entering location : [[ChromeDriver: chrome on WINDOWS (908c4bf7e702c8857037d49d67183787)] -> id: location]
2021-12-12 00:12:840 INFO  HomePage :86 - Selecting Distance : [[ChromeDriver: chrome on WINDOWS (908c4bf7e702c8857037d49d67183787)] -> xpath: (//select[@id='distance'])[1]]
2021-12-12 00:12:100 INFO  HomePage :93 - Clicking on more search options link : [[ChromeDriver: chrome on WINDOWS (908c4bf7e702c8857037d49d67183787)] -> id: toggle-hp-search]
2021-12-12 00:12:491 INFO  HomePage :100 - Entering Minimum Salary : [[ChromeDriver: chrome on WINDOWS (908c4bf7e702c8857037d49d67183787)] -> id: salarymin]
2021-12-12 00:12:749 INFO  HomePage :107 - Entering maximum salary : [[ChromeDriver: chrome on WINDOWS (908c4bf7e702c8857037d49d67183787)] -> id: salarymax]
2021-12-12 00:12:875 INFO  HomePage :114 - Selecting Salary Type : [[ChromeDriver: chrome on WINDOWS (908c4bf7e702c8857037d49d67183787)] -> xpath: (//select[@id='salarytype'])[1]]
2021-12-12 00:12:83 INFO  HomePage :120 - select Job Type : [[ChromeDriver: chrome on WINDOWS (908c4bf7e702c8857037d49d67183787)] -> xpath: (//select[@id='tempperm'])[1]]
2021-12-12 00:12:280 INFO  HomePage :127 - Click on Find Jobs Button : [[ChromeDriver: chrome on WINDOWS (908c4bf7e702c8857037d49d67183787)] -> id: hp-search-btn]
2021-12-12 00:12:596 INFO  ManageDriver :30 - Launching Chrome Browser
2021-12-12 00:12:623 INFO  HomePage :73 - Entering job title : [[ChromeDriver: chrome on WINDOWS (5a58ee8fce3d1420430038ed775bbaea)] -> id: keywords]
2021-12-12 00:12:923 INFO  HomePage :79 - Entering location : [[ChromeDriver: chrome on WINDOWS (5a58ee8fce3d1420430038ed775bbaea)] -> id: location]
2021-12-12 00:12:159 INFO  HomePage :86 - Selecting Distance : [[ChromeDriver: chrome on WINDOWS (5a58ee8fce3d1420430038ed775bbaea)] -> xpath: (//select[@id='distance'])[1]]
2021-12-12 00:12:395 INFO  HomePage :93 - Clicking on more search options link : [[ChromeDriver: chrome on WINDOWS (5a58ee8fce3d1420430038ed775bbaea)] -> id: toggle-hp-search]
2021-12-12 00:12:833 INFO  HomePage :100 - Entering Minimum Salary : [[ChromeDriver: chrome on WINDOWS (5a58ee8fce3d1420430038ed775bbaea)] -> id: salarymin]
2021-12-12 00:12:28 INFO  HomePage :107 - Entering maximum salary : [[ChromeDriver: chrome on WINDOWS (5a58ee8fce3d1420430038ed775bbaea)] -> id: salarymax]
2021-12-12 00:12:169 INFO  HomePage :114 - Selecting Salary Type : [[ChromeDriver: chrome on WINDOWS (5a58ee8fce3d1420430038ed775bbaea)] -> xpath: (//select[@id='salarytype'])[1]]
2021-12-12 00:12:343 INFO  HomePage :120 - select Job Type : [[ChromeDriver: chrome on WINDOWS (5a58ee8fce3d1420430038ed775bbaea)] -> xpath: (//select[@id='tempperm'])[1]]
2021-12-12 00:12:543 INFO  HomePage :127 - Click on Find Jobs Button : [[ChromeDriver: chrome on WINDOWS (5a58ee8fce3d1420430038ed775bbaea)] -> id: hp-search-btn]
2021-12-12 00:12:462 INFO  ManageDriver :30 - Launching Chrome Browser
2021-12-12 00:12:124 INFO  HomePage :73 - Entering job title : [[ChromeDriver: chrome on WINDOWS (e911d61f2acd073eb8e82e34a35a04ac)] -> id: keywords]
2021-12-12 00:12:542 INFO  HomePage :79 - Entering location : [[ChromeDriver: chrome on WINDOWS (e911d61f2acd073eb8e82e34a35a04ac)] -> id: location]
2021-12-12 00:12:121 INFO  HomePage :86 - Selecting Distance : [[ChromeDriver: chrome on WINDOWS (e911d61f2acd073eb8e82e34a35a04ac)] -> xpath: (//select[@id='distance'])[1]]
2021-12-12 00:12:514 INFO  HomePage :93 - Clicking on more search options link : [[ChromeDriver: chrome on WINDOWS (e911d61f2acd073eb8e82e34a35a04ac)] -> id: toggle-hp-search]
2021-12-12 00:12:948 INFO  HomePage :100 - Entering Minimum Salary : [[ChromeDriver: chrome on WINDOWS (e911d61f2acd073eb8e82e34a35a04ac)] -> id: salarymin]
2021-12-12 00:12:209 INFO  HomePage :107 - Entering maximum salary : [[ChromeDriver: chrome on WINDOWS (e911d61f2acd073eb8e82e34a35a04ac)] -> id: salarymax]
2021-12-12 00:12:343 INFO  HomePage :114 - Selecting Salary Type : [[ChromeDriver: chrome on WINDOWS (e911d61f2acd073eb8e82e34a35a04ac)] -> xpath: (//select[@id='salarytype'])[1]]
2021-12-12 00:12:512 INFO  HomePage :120 - select Job Type : [[ChromeDriver: chrome on WINDOWS (e911d61f2acd073eb8e82e34a35a04ac)] -> xpath: (//select[@id='tempperm'])[1]]
2021-12-12 00:12:730 INFO  HomePage :127 - Click on Find Jobs Button : [[ChromeDriver: chrome on WINDOWS (e911d61f2acd073eb8e82e34a35a04ac)] -> id: hp-search-btn]
2021-12-12 00:12:405 INFO  ManageDriver :30 - Launching Chrome Browser
2021-12-12 00:12:383 INFO  HomePage :73 - Entering job title : [[ChromeDriver: chrome on WINDOWS (a0c94c08fcb14cd6f0a0890405a7c8f5)] -> id: keywords]
2021-12-12 00:12:728 INFO  HomePage :79 - Entering location : [[ChromeDriver: chrome on WINDOWS (a0c94c08fcb14cd6f0a0890405a7c8f5)] -> id: location]
2021-12-12 00:12:79 INFO  HomePage :86 - Selecting Distance : [[ChromeDriver: chrome on WINDOWS (a0c94c08fcb14cd6f0a0890405a7c8f5)] -> xpath: (//select[@id='distance'])[1]]
2021-12-12 00:12:407 INFO  HomePage :93 - Clicking on more search options link : [[ChromeDriver: chrome on WINDOWS (a0c94c08fcb14cd6f0a0890405a7c8f5)] -> id: toggle-hp-search]
2021-12-12 00:12:693 INFO  HomePage :100 - Entering Minimum Salary : [[ChromeDriver: chrome on WINDOWS (a0c94c08fcb14cd6f0a0890405a7c8f5)] -> id: salarymin]
2021-12-12 00:12:928 INFO  HomePage :107 - Entering maximum salary : [[ChromeDriver: chrome on WINDOWS (a0c94c08fcb14cd6f0a0890405a7c8f5)] -> id: salarymax]
2021-12-12 00:12:124 INFO  HomePage :114 - Selecting Salary Type : [[ChromeDriver: chrome on WINDOWS (a0c94c08fcb14cd6f0a0890405a7c8f5)] -> xpath: (//select[@id='salarytype'])[1]]
2021-12-12 00:12:412 INFO  HomePage :120 - select Job Type : [[ChromeDriver: chrome on WINDOWS (a0c94c08fcb14cd6f0a0890405a7c8f5)] -> xpath: (//select[@id='tempperm'])[1]]
2021-12-12 00:12:746 INFO  HomePage :127 - Click on Find Jobs Button : [[ChromeDriver: chrome on WINDOWS (a0c94c08fcb14cd6f0a0890405a7c8f5)] -> id: hp-search-btn]
2021-12-12 00:12:648 INFO  ManageDriver :30 - Launching Chrome Browser
2021-12-12 00:12:216 INFO  HomePage :73 - Entering job title : [[ChromeDriver: chrome on WINDOWS (2db13847f51f406a367e833b4c0fd07f)] -> id: keywords]
2021-12-12 00:12:02 INFO  HomePage :79 - Entering location : [[ChromeDriver: chrome on WINDOWS (2db13847f51f406a367e833b4c0fd07f)] -> id: location]
2021-12-12 00:12:479 INFO  HomePage :86 - Selecting Distance : [[ChromeDriver: chrome on WINDOWS (2db13847f51f406a367e833b4c0fd07f)] -> xpath: (//select[@id='distance'])[1]]
2021-12-12 00:12:907 INFO  HomePage :93 - Clicking on more search options link : [[ChromeDriver: chrome on WINDOWS (2db13847f51f406a367e833b4c0fd07f)] -> id: toggle-hp-search]
2021-12-12 00:12:368 INFO  HomePage :100 - Entering Minimum Salary : [[ChromeDriver: chrome on WINDOWS (2db13847f51f406a367e833b4c0fd07f)] -> id: salarymin]
2021-12-12 00:12:728 INFO  HomePage :107 - Entering maximum salary : [[ChromeDriver: chrome on WINDOWS (2db13847f51f406a367e833b4c0fd07f)] -> id: salarymax]
2021-12-12 00:12:43 INFO  HomePage :114 - Selecting Salary Type : [[ChromeDriver: chrome on WINDOWS (2db13847f51f406a367e833b4c0fd07f)] -> xpath: (//select[@id='salarytype'])[1]]
2021-12-12 00:12:460 INFO  HomePage :120 - select Job Type : [[ChromeDriver: chrome on WINDOWS (2db13847f51f406a367e833b4c0fd07f)] -> xpath: (//select[@id='tempperm'])[1]]
2021-12-12 00:12:694 INFO  HomePage :127 - Click on Find Jobs Button : [[ChromeDriver: chrome on WINDOWS (2db13847f51f406a367e833b4c0fd07f)] -> id: hp-search-btn]
2021-12-12 00:12:435 INFO  ManageDriver :30 - Launching Chrome Browser
2021-12-12 00:12:103 INFO  HomePage :73 - Entering job title : [[ChromeDriver: chrome on WINDOWS (fc0cd2ae6b6e7522dd17895e87226de0)] -> id: keywords]
2021-12-12 00:12:750 INFO  HomePage :79 - Entering location : [[ChromeDriver: chrome on WINDOWS (fc0cd2ae6b6e7522dd17895e87226de0)] -> id: location]
2021-12-12 00:12:327 INFO  HomePage :86 - Selecting Distance : [[ChromeDriver: chrome on WINDOWS (fc0cd2ae6b6e7522dd17895e87226de0)] -> xpath: (//select[@id='distance'])[1]]
2021-12-12 00:12:691 INFO  HomePage :93 - Clicking on more search options link : [[ChromeDriver: chrome on WINDOWS (fc0cd2ae6b6e7522dd17895e87226de0)] -> id: toggle-hp-search]
2021-12-12 00:12:142 INFO  HomePage :100 - Entering Minimum Salary : [[ChromeDriver: chrome on WINDOWS (fc0cd2ae6b6e7522dd17895e87226de0)] -> id: salarymin]
2021-12-12 00:12:563 INFO  HomePage :107 - Entering maximum salary : [[ChromeDriver: chrome on WINDOWS (fc0cd2ae6b6e7522dd17895e87226de0)] -> id: salarymax]
2021-12-12 00:12:14 INFO  HomePage :114 - Selecting Salary Type : [[ChromeDriver: chrome on WINDOWS (fc0cd2ae6b6e7522dd17895e87226de0)] -> xpath: (//select[@id='salarytype'])[1]]
2021-12-12 00:12:365 INFO  HomePage :120 - select Job Type : [[ChromeDriver: chrome on WINDOWS (fc0cd2ae6b6e7522dd17895e87226de0)] -> xpath: (//select[@id='tempperm'])[1]]
2021-12-12 00:12:847 INFO  HomePage :127 - Click on Find Jobs Button : [[ChromeDriver: chrome on WINDOWS (fc0cd2ae6b6e7522dd17895e87226de0)] -> id: hp-search-btn]
2021-12-12 00:12:514 INFO  ManageDriver :30 - Launching Chrome Browser
2021-12-12 00:12:250 INFO  HomePage :73 - Entering job title : [[ChromeDriver: chrome on WINDOWS (24474c1024c624e561976b8f048f3680)] -> id: keywords]
2021-12-12 00:12:542 INFO  HomePage :79 - Entering location : [[ChromeDriver: chrome on WINDOWS (24474c1024c624e561976b8f048f3680)] -> id: location]
2021-12-12 00:12:757 INFO  HomePage :86 - Selecting Distance : [[ChromeDriver: chrome on WINDOWS (24474c1024c624e561976b8f048f3680)] -> xpath: (//select[@id='distance'])[1]]
2021-12-12 00:12:40 INFO  HomePage :93 - Clicking on more search options link : [[ChromeDriver: chrome on WINDOWS (24474c1024c624e561976b8f048f3680)] -> id: toggle-hp-search]
2021-12-12 00:12:380 INFO  HomePage :100 - Entering Minimum Salary : [[ChromeDriver: chrome on WINDOWS (24474c1024c624e561976b8f048f3680)] -> id: salarymin]
2021-12-12 00:12:558 INFO  HomePage :107 - Entering maximum salary : [[ChromeDriver: chrome on WINDOWS (24474c1024c624e561976b8f048f3680)] -> id: salarymax]
2021-12-12 00:12:720 INFO  HomePage :114 - Selecting Salary Type : [[ChromeDriver: chrome on WINDOWS (24474c1024c624e561976b8f048f3680)] -> xpath: (//select[@id='salarytype'])[1]]
2021-12-12 00:12:859 INFO  HomePage :120 - select Job Type : [[ChromeDriver: chrome on WINDOWS (24474c1024c624e561976b8f048f3680)] -> xpath: (//select[@id='tempperm'])[1]]
2021-12-12 00:12:31 INFO  HomePage :127 - Click on Find Jobs Button : [[ChromeDriver: chrome on WINDOWS (24474c1024c624e561976b8f048f3680)] -> id: hp-search-btn]
2021-12-12 00:12:659 INFO  ManageDriver :30 - Launching Chrome Browser
2021-12-12 00:12:833 INFO  HomePage :73 - Entering job title : [[ChromeDriver: chrome on WINDOWS (36673796d7706f226672166470281405)] -> id: keywords]
2021-12-12 00:12:397 INFO  HomePage :79 - Entering location : [[ChromeDriver: chrome on WINDOWS (36673796d7706f226672166470281405)] -> id: location]
2021-12-12 00:12:893 INFO  HomePage :86 - Selecting Distance : [[ChromeDriver: chrome on WINDOWS (36673796d7706f226672166470281405)] -> xpath: (//select[@id='distance'])[1]]
2021-12-12 00:12:278 INFO  HomePage :93 - Clicking on more search options link : [[ChromeDriver: chrome on WINDOWS (36673796d7706f226672166470281405)] -> id: toggle-hp-search]
2021-12-12 00:12:730 INFO  HomePage :100 - Entering Minimum Salary : [[ChromeDriver: chrome on WINDOWS (36673796d7706f226672166470281405)] -> id: salarymin]
2021-12-12 00:12:34 INFO  HomePage :107 - Entering maximum salary : [[ChromeDriver: chrome on WINDOWS (36673796d7706f226672166470281405)] -> id: salarymax]
2021-12-12 00:12:304 INFO  HomePage :114 - Selecting Salary Type : [[ChromeDriver: chrome on WINDOWS (36673796d7706f226672166470281405)] -> xpath: (//select[@id='salarytype'])[1]]
2021-12-12 00:12:647 INFO  HomePage :120 - select Job Type : [[ChromeDriver: chrome on WINDOWS (36673796d7706f226672166470281405)] -> xpath: (//select[@id='tempperm'])[1]]
2021-12-12 00:12:940 INFO  HomePage :127 - Click on Find Jobs Button : [[ChromeDriver: chrome on WINDOWS (36673796d7706f226672166470281405)] -> id: hp-search-btn]
2021-12-12 00:12:379 INFO  ManageDriver :30 - Launching Chrome Browser
2021-12-12 00:12:675 INFO  HomePage :73 - Entering job title : [[ChromeDriver: chrome on WINDOWS (d64c1fdaef1fea2a409df977c56df514)] -> id: keywords]
2021-12-12 00:12:394 INFO  HomePage :79 - Entering location : [[ChromeDriver: chrome on WINDOWS (d64c1fdaef1fea2a409df977c56df514)] -> id: location]
2021-12-12 00:12:864 INFO  HomePage :86 - Selecting Distance : [[ChromeDriver: chrome on WINDOWS (d64c1fdaef1fea2a409df977c56df514)] -> xpath: (//select[@id='distance'])[1]]
2021-12-12 00:12:462 INFO  HomePage :93 - Clicking on more search options link : [[ChromeDriver: chrome on WINDOWS (d64c1fdaef1fea2a409df977c56df514)] -> id: toggle-hp-search]
2021-12-12 00:12:944 INFO  HomePage :100 - Entering Minimum Salary : [[ChromeDriver: chrome on WINDOWS (d64c1fdaef1fea2a409df977c56df514)] -> id: salarymin]
2021-12-12 00:12:394 INFO  HomePage :107 - Entering maximum salary : [[ChromeDriver: chrome on WINDOWS (d64c1fdaef1fea2a409df977c56df514)] -> id: salarymax]
2021-12-12 00:12:667 INFO  HomePage :114 - Selecting Salary Type : [[ChromeDriver: chrome on WINDOWS (d64c1fdaef1fea2a409df977c56df514)] -> xpath: (//select[@id='salarytype'])[1]]
2021-12-12 00:12:42 INFO  HomePage :120 - select Job Type : [[ChromeDriver: chrome on WINDOWS (d64c1fdaef1fea2a409df977c56df514)] -> xpath: (//select[@id='tempperm'])[1]]
2021-12-12 00:12:997 INFO  HomePage :127 - Click on Find Jobs Button : [[ChromeDriver: chrome on WINDOWS (d64c1fdaef1fea2a409df977c56df514)] -> id: hp-search-btn]
2021-12-12 00:12:712 INFO  ManageDriver :30 - Launching Chrome Browser
2021-12-12 00:12:654 INFO  HomePage :73 - Entering job title : [[ChromeDriver: chrome on WINDOWS (14fd840c682bda9768334e8f7848280d)] -> id: keywords]
2021-12-12 00:12:414 INFO  HomePage :79 - Entering location : [[ChromeDriver: chrome on WINDOWS (14fd840c682bda9768334e8f7848280d)] -> id: location]
2021-12-12 00:12:864 INFO  HomePage :86 - Selecting Distance : [[ChromeDriver: chrome on WINDOWS (14fd840c682bda9768334e8f7848280d)] -> xpath: (//select[@id='distance'])[1]]
2021-12-12 00:12:387 INFO  HomePage :93 - Clicking on more search options link : [[ChromeDriver: chrome on WINDOWS (14fd840c682bda9768334e8f7848280d)] -> id: toggle-hp-search]
2021-12-12 00:12:936 INFO  HomePage :100 - Entering Minimum Salary : [[ChromeDriver: chrome on WINDOWS (14fd840c682bda9768334e8f7848280d)] -> id: salarymin]
2021-12-12 00:12:391 INFO  HomePage :107 - Entering maximum salary : [[ChromeDriver: chrome on WINDOWS (14fd840c682bda9768334e8f7848280d)] -> id: salarymax]
2021-12-12 00:12:723 INFO  HomePage :114 - Selecting Salary Type : [[ChromeDriver: chrome on WINDOWS (14fd840c682bda9768334e8f7848280d)] -> xpath: (//select[@id='salarytype'])[1]]
2021-12-12 00:12:134 INFO  HomePage :120 - select Job Type : [[ChromeDriver: chrome on WINDOWS (14fd840c682bda9768334e8f7848280d)] -> xpath: (//select[@id='tempperm'])[1]]
2021-12-12 00:12:504 INFO  HomePage :127 - Click on Find Jobs Button : [[ChromeDriver: chrome on WINDOWS (14fd840c682bda9768334e8f7848280d)] -> id: hp-search-btn]
